\BOOKMARK [1][-]{section.1}{Informaci\363n general del proyecto}{}
\BOOKMARK [2][-]{subsection.1.1}{T\355tulo:}{section.1}
\BOOKMARK [2][-]{subsection.1.2}{Duraci\363n: }{section.1}
\BOOKMARK [2][-]{subsection.1.3}{Nombre de la entidad en Colombia que presenta el proyecto:}{section.1}
\BOOKMARK [2][-]{subsection.1.4}{L\355der del proyecto: }{section.1}
\BOOKMARK [2][-]{subsection.1.5}{Lugar de ejecuci\363n en Colombia \(departamento, ciudad\): }{section.1}
\BOOKMARK [2][-]{subsection.1.6}{Direcci\363n electr\363nica de contacto:}{section.1}
\BOOKMARK [2][-]{subsection.1.7}{Tel\351fonos de contacto con el l\355der del proyecto: }{section.1}
\BOOKMARK [1][-]{section.2}{Informaci\363n sobre la entidad ejecutora del proyecto}{}
\BOOKMARK [2][-]{subsection.2.1}{Nombre y nit: }{section.2}
\BOOKMARK [2][-]{subsection.2.2}{Tipo de entidad: }{section.2}
\BOOKMARK [2][-]{subsection.2.3}{Ciudad: }{section.2}
\BOOKMARK [2][-]{subsection.2.4}{Direcci\363n: }{section.2}
\BOOKMARK [2][-]{subsection.2.5}{Tel\351fono: }{section.2}
\BOOKMARK [2][-]{subsection.2.6}{Correo electr\363nico: }{section.2}
\BOOKMARK [2][-]{subsection.2.7}{Representante legal: }{section.2}
\BOOKMARK [2][-]{subsection.2.8}{Tipo y n\372mero de identificaci\363n}{section.2}
\BOOKMARK [2][-]{subsection.2.9}{Capacidad de ejecuci\363n: }{section.2}
\BOOKMARK [1][-]{section.3}{Informaci\363n sobre el proyecto}{}
\BOOKMARK [2][-]{subsection.3.1}{Sector\(es\) en el que se desarrolla el proyecto:}{section.3}
\BOOKMARK [2][-]{subsection.3.2}{T\355tulo: }{section.3}
\BOOKMARK [2][-]{subsection.3.3}{Resumen ejecutivo: }{section.3}
\BOOKMARK [2][-]{subsection.3.4}{Monto econ\363mico total \(incluida contrapartida\):}{section.3}
\BOOKMARK [2][-]{subsection.3.5}{Antecedentes: }{section.3}
\BOOKMARK [2][-]{subsection.3.6}{Justificaci\363n: }{section.3}
\BOOKMARK [2][-]{subsection.3.7}{Objetivos: }{section.3}
\BOOKMARK [3][-]{subsubsection.3.7.1}{Objetivos espec\355ficos}{subsection.3.7}
\BOOKMARK [2][-]{subsection.3.8}{Metodolog\355a: }{section.3}
\BOOKMARK [2][-]{subsection.3.9}{Actividades: }{section.3}
\BOOKMARK [2][-]{subsection.3.10}{Resultados esperados: }{section.3}
\BOOKMARK [2][-]{subsection.3.11}{Cronograma: }{section.3}
\BOOKMARK [2][-]{subsection.3.12}{Equipo de trabajo:}{section.3}
\BOOKMARK [2][-]{subsection.3.13}{Presupuesto}{section.3}
\BOOKMARK [2][-]{subsection.3.14}{Plan de acci\363n.}{section.3}
\BOOKMARK [1][-]{section.4}{Informaci\363n sobre el colombiano en el exterior}{}
\BOOKMARK [2][-]{subsection.4.1}{Nombres y apellidos:}{section.4}
\BOOKMARK [2][-]{subsection.4.2}{Lugar y fecha de nacimiento:}{section.4}
\BOOKMARK [2][-]{subsection.4.3}{Correo electr\363nico:}{section.4}
\BOOKMARK [2][-]{subsection.4.4}{Pa\355s y ciudad de residencia:}{section.4}
\BOOKMARK [2][-]{subsection.4.5}{Formaci\363n acad\351mica:}{section.4}
\BOOKMARK [2][-]{subsection.4.6}{Producci\363n intelectual de los tres \372ltimos a\361os}{section.4}
\BOOKMARK [3][-]{subsubsection.4.6.1}{Art\355culos publicados en revistas indexadas:}{subsection.4.6}
\BOOKMARK [3][-]{subsubsection.4.6.2}{Libros y cap\355tulos publicados:}{subsection.4.6}
\BOOKMARK [2][-]{subsection.4.7}{Reconocimiento por excelencia acad\351mica:}{section.4}
\BOOKMARK [2][-]{subsection.4.8}{Experiencia espec\355fica en el tema del proyecto6:}{section.4}
\BOOKMARK [2][-]{subsection.4.9}{Trayectoria laboral:}{section.4}
\BOOKMARK [2][-]{subsection.4.10}{Tiempo total de experiencia:}{section.4}
\BOOKMARK [1][-]{section.5}{Informaci\363n sobre el colombiano en el exterior}{}
\BOOKMARK [2][-]{subsection.5.1}{Nombres y apellidos: Nicol\341s Bernal Hern\341ndez}{section.5}
\BOOKMARK [2][-]{subsection.5.2}{Lugar y fecha de nacimiento: Cali, Colombia el 21 de noviembre de 1979}{section.5}
\BOOKMARK [2][-]{subsection.5.3}{Correo electr\363nico: nicolas@th.physik.uni-bonn.de}{section.5}
\BOOKMARK [2][-]{subsection.5.4}{Pa\355s y ciudad de residencia: Alemania, Bonn}{section.5}
\BOOKMARK [2][-]{subsection.5.5}{Formaci\363n acad\351mica:}{section.5}
\BOOKMARK [2][-]{subsection.5.6}{Producci\363n intelectual de los tres \372ltimos a\361os}{section.5}
\BOOKMARK [3][-]{subsubsection.5.6.1}{Art\355culos publicados en revistas indexadas:}{subsection.5.6}
\BOOKMARK [3][-]{subsubsection.5.6.2}{Libros y cap\355tulos publicados:}{subsection.5.6}
\BOOKMARK [2][-]{subsection.5.7}{Reconocimiento por excelencia acad\351mica:}{section.5}
\BOOKMARK [2][-]{subsection.5.8}{Experiencia espec\355fica en el tema del proyecto6:}{section.5}
\BOOKMARK [2][-]{subsection.5.9}{Trayectoria laboral:}{section.5}
\BOOKMARK [2][-]{subsection.5.10}{Tiempo total de experiencia:}{section.5}
\BOOKMARK [1][-]{section.6}{Informaci\363n sobre el colombiano en el exterior}{}
\BOOKMARK [2][-]{subsection.6.1}{Nombres y apellidos:}{section.6}
\BOOKMARK [2][-]{subsection.6.2}{Lugar y fecha de nacimiento:}{section.6}
\BOOKMARK [2][-]{subsection.6.3}{Correo electr\363nico:}{section.6}
\BOOKMARK [2][-]{subsection.6.4}{Pa\355s y ciudad de residencia:}{section.6}
\BOOKMARK [2][-]{subsection.6.5}{Formaci\363n acad\351mica:}{section.6}
\BOOKMARK [2][-]{subsection.6.6}{Producci\363n intelectual de los tres \372ltimos a\361os}{section.6}
\BOOKMARK [3][-]{subsubsection.6.6.1}{Art\355culos publicados en revistas indexadas:}{subsection.6.6}
\BOOKMARK [3][-]{subsubsection.6.6.2}{Libros y cap\355tulos publicados:}{subsection.6.6}
\BOOKMARK [2][-]{subsection.6.7}{Reconocimiento por excelencia acad\351mica:}{section.6}
\BOOKMARK [2][-]{subsection.6.8}{Experiencia espec\355fica en el tema del proyecto6:}{section.6}
\BOOKMARK [2][-]{subsection.6.9}{Trayectoria laboral:}{section.6}
\BOOKMARK [2][-]{subsection.6.10}{Tiempo total de experiencia:}{section.6}
\BOOKMARK [1][-]{section.7}{Estrategia para la transferencia de conocimiento y tecnolog\355a}{}
\BOOKMARK [1][-]{section.8}{Trabajo colaborativo}{}
\BOOKMARK [2][-]{subsection.8.1}{Antecedentes}{section.8}
\BOOKMARK [2][-]{subsection.8.2}{Red de trabajo}{section.8}
\BOOKMARK [2][-]{subsection.8.3}{Alianzas estrat\351gicas}{section.8}
\BOOKMARK [1][-]{section.9}{Lugares de ejecuci\363n}{}
